<?xml version="1.0" encoding="UTF-8"?>
<robot generator="Robot 3.2.1 (Python 3.8.3 on darwin)" generated="20200604 19:19:25.334" rpa="false">
<suite id="s1" name="Test" source="/Users/priscila.caimi/Documents/git/robotframework/feature/test.robot">
<test id="s1-t1" name="Deve retornar mensagem de boas vindas">
<kw name="Welcome" library="app">
<arguments>
<arg>Priscila</arg>
</arguments>
<assign>
<var>${result}</var>
</assign>
<msg timestamp="20200604 19:19:25.359" level="INFO">${result} = Olá Priscila, bem vindo ao Robot</msg>
<status status="PASS" starttime="20200604 19:19:25.359" endtime="20200604 19:19:25.359"></status>
</kw>
<kw name="Should Be Equal" library="BuiltIn">
<doc>Fails if the given objects are unequal.</doc>
<arguments>
<arg>${result}</arg>
<arg>Olá Priscila, bem vindo ao Robot</arg>
</arguments>
<status status="PASS" starttime="20200604 19:19:25.359" endtime="20200604 19:19:25.359"></status>
</kw>
<status status="PASS" starttime="20200604 19:19:25.358" endtime="20200604 19:19:25.359" critical="yes"></status>
</test>
<status status="PASS" starttime="20200604 19:19:25.336" endtime="20200604 19:19:25.360"></status>
</suite>
<statistics>
<total>
<stat pass="1" fail="0">Critical Tests</stat>
<stat pass="1" fail="0">All Tests</stat>
</total>
<tag>
</tag>
<suite>
<stat pass="1" fail="0" id="s1" name="Test">Test</stat>
</suite>
</statistics>
<errors>
</errors>
</robot>
