<?xml version="1.0" encoding="UTF-8"?>
<robot generator="Robot 3.2.1 (Python 3.8.3 on darwin)" generated="20200604 20:29:49.782" rpa="false">
<suite id="s1" name="Checkbox" source="/Users/priscila.caimi/Documents/git/robotframework/robotFrameworkWeb/feature/checkbox.robot">
<test id="s1-t1" name="Marcando opção com ID">
<kw name="Open Browser" library="SeleniumLibrary">
<doc>Opens a new browser instance to the optional ``url``.</doc>
<arguments>
<arg>${url}</arg>
<arg>chrome</arg>
</arguments>
<msg timestamp="20200604 20:29:49.918" level="INFO">Opening browser 'chrome' to base url 'https://training-wheels-protocol.herokuapp.com'.</msg>
<status status="PASS" starttime="20200604 20:29:49.918" endtime="20200604 20:29:59.350"></status>
</kw>
<kw name="Go To" library="SeleniumLibrary">
<doc>Navigates the current browser window to the provided ``url``.</doc>
<arguments>
<arg>${url}/checkboxes</arg>
</arguments>
<msg timestamp="20200604 20:29:59.351" level="INFO">Opening url 'https://training-wheels-protocol.herokuapp.com/checkboxes'</msg>
<status status="PASS" starttime="20200604 20:29:59.350" endtime="20200604 20:29:59.740"></status>
</kw>
<kw name="Select Checkbox" library="SeleniumLibrary">
<doc>Selects the checkbox identified by ``locator``.</doc>
<arguments>
<arg>${check_id}</arg>
</arguments>
<msg timestamp="20200604 20:29:59.741" level="INFO">Selecting checkbox 'id:thor'.</msg>
<status status="PASS" starttime="20200604 20:29:59.740" endtime="20200604 20:29:59.810"></status>
</kw>
<kw name="Checkbox Should Be Selected" library="SeleniumLibrary">
<doc>Verifies checkbox ``locator`` is selected/checked.</doc>
<arguments>
<arg>${check_id}</arg>
</arguments>
<msg timestamp="20200604 20:29:59.811" level="INFO">Verifying checkbox 'id:thor' is selected.</msg>
<status status="PASS" starttime="20200604 20:29:59.811" endtime="20200604 20:29:59.827"></status>
</kw>
<kw name="Close Browser" library="SeleniumLibrary">
<doc>Closes the current browser.</doc>
<status status="PASS" starttime="20200604 20:29:59.827" endtime="20200604 20:29:59.897"></status>
</kw>
<status status="PASS" starttime="20200604 20:29:49.917" endtime="20200604 20:29:59.897" critical="yes"></status>
</test>
<test id="s1-t2" name="Marcando opção com CSS Selector">
<kw name="Open Browser" library="SeleniumLibrary">
<doc>Opens a new browser instance to the optional ``url``.</doc>
<arguments>
<arg>${url}</arg>
<arg>chrome</arg>
</arguments>
<msg timestamp="20200604 20:29:59.899" level="INFO">Opening browser 'chrome' to base url 'https://training-wheels-protocol.herokuapp.com'.</msg>
<status status="PASS" starttime="20200604 20:29:59.899" endtime="20200604 20:30:09.636"></status>
</kw>
<kw name="Go To" library="SeleniumLibrary">
<doc>Navigates the current browser window to the provided ``url``.</doc>
<arguments>
<arg>${url}/checkboxes</arg>
</arguments>
<msg timestamp="20200604 20:30:09.637" level="INFO">Opening url 'https://training-wheels-protocol.herokuapp.com/checkboxes'</msg>
<status status="PASS" starttime="20200604 20:30:09.637" endtime="20200604 20:30:09.977"></status>
</kw>
<kw name="Select Checkbox" library="SeleniumLibrary">
<doc>Selects the checkbox identified by ``locator``.</doc>
<arguments>
<arg>${check_css}</arg>
</arguments>
<msg timestamp="20200604 20:30:09.977" level="INFO">Selecting checkbox 'css:input[value='iron-man']'.</msg>
<status status="PASS" starttime="20200604 20:30:09.977" endtime="20200604 20:30:10.039"></status>
</kw>
<kw name="Checkbox Should Be Selected" library="SeleniumLibrary">
<doc>Verifies checkbox ``locator`` is selected/checked.</doc>
<arguments>
<arg>${check_css}</arg>
</arguments>
<msg timestamp="20200604 20:30:10.040" level="INFO">Verifying checkbox 'css:input[value='iron-man']' is selected.</msg>
<status status="PASS" starttime="20200604 20:30:10.040" endtime="20200604 20:30:10.054"></status>
</kw>
<kw name="Sleep" library="BuiltIn">
<doc>Pauses the test executed for the given time.</doc>
<arguments>
<arg>5</arg>
</arguments>
<msg timestamp="20200604 20:30:15.055" level="INFO">Slept 5 seconds</msg>
<status status="PASS" starttime="20200604 20:30:10.055" endtime="20200604 20:30:15.055"></status>
</kw>
<kw name="Close Browser" library="SeleniumLibrary">
<doc>Closes the current browser.</doc>
<status status="PASS" starttime="20200604 20:30:15.056" endtime="20200604 20:30:15.127"></status>
</kw>
<tags>
<tag>cssSelector</tag>
</tags>
<status status="PASS" starttime="20200604 20:29:59.898" endtime="20200604 20:30:15.128" critical="yes"></status>
</test>
<test id="s1-t3" name="Marcando opção com XPATH">
<kw name="Open Browser" library="SeleniumLibrary">
<doc>Opens a new browser instance to the optional ``url``.</doc>
<arguments>
<arg>${url}</arg>
<arg>chrome</arg>
</arguments>
<msg timestamp="20200604 20:30:15.130" level="INFO">Opening browser 'chrome' to base url 'https://training-wheels-protocol.herokuapp.com'.</msg>
<status status="PASS" starttime="20200604 20:30:15.129" endtime="20200604 20:30:22.381"></status>
</kw>
<kw name="Go To" library="SeleniumLibrary">
<doc>Navigates the current browser window to the provided ``url``.</doc>
<arguments>
<arg>${url}/checkboxes</arg>
</arguments>
<msg timestamp="20200604 20:30:22.381" level="INFO">Opening url 'https://training-wheels-protocol.herokuapp.com/checkboxes'</msg>
<status status="PASS" starttime="20200604 20:30:22.381" endtime="20200604 20:30:22.699"></status>
</kw>
<kw name="Select Checkbox" library="SeleniumLibrary">
<doc>Selects the checkbox identified by ``locator``.</doc>
<arguments>
<arg>${check_xpath}</arg>
</arguments>
<msg timestamp="20200604 20:30:22.699" level="INFO">Selecting checkbox 'xpath://form[@id='checkboxes']/input[7]'.</msg>
<status status="PASS" starttime="20200604 20:30:22.699" endtime="20200604 20:30:22.759"></status>
</kw>
<kw name="Checkbox Should Be Selected" library="SeleniumLibrary">
<doc>Verifies checkbox ``locator`` is selected/checked.</doc>
<arguments>
<arg>${check_xpath}</arg>
</arguments>
<msg timestamp="20200604 20:30:22.759" level="INFO">Verifying checkbox 'xpath://form[@id='checkboxes']/input[7]' is selected.</msg>
<status status="PASS" starttime="20200604 20:30:22.759" endtime="20200604 20:30:22.776"></status>
</kw>
<kw name="Sleep" library="BuiltIn">
<doc>Pauses the test executed for the given time.</doc>
<arguments>
<arg>5</arg>
</arguments>
<msg timestamp="20200604 20:30:27.777" level="INFO">Slept 5 seconds</msg>
<status status="PASS" starttime="20200604 20:30:22.776" endtime="20200604 20:30:27.777"></status>
</kw>
<kw name="Close Browser" library="SeleniumLibrary">
<doc>Closes the current browser.</doc>
<status status="PASS" starttime="20200604 20:30:27.777" endtime="20200604 20:30:27.853"></status>
</kw>
<tags>
<tag>xpath</tag>
</tags>
<status status="PASS" starttime="20200604 20:30:15.129" endtime="20200604 20:30:27.853" critical="yes"></status>
</test>
<status status="PASS" starttime="20200604 20:29:49.784" endtime="20200604 20:30:27.854"></status>
</suite>
<statistics>
<total>
<stat pass="3" fail="0">Critical Tests</stat>
<stat pass="3" fail="0">All Tests</stat>
</total>
<tag>
<stat pass="1" fail="0">cssSelector</stat>
<stat pass="1" fail="0">xpath</stat>
</tag>
<suite>
<stat pass="3" fail="0" id="s1" name="Checkbox">Checkbox</stat>
</suite>
</statistics>
<errors>
</errors>
</robot>
