<?xml version="1.0" encoding="UTF-8"?>
<robot generator="Robot 3.2.1 (Python 3.8.3 on darwin)" generated="20200604 20:45:16.462" rpa="false">
<suite id="s1" name="Checkbox" source="/Users/priscila.caimi/Documents/git/robotframework/robotFrameworkWeb/src/feature/checkbox.robot">
<test id="s1-t1" name="Marcando opção com ID">
<kw name="Nova sessão" library="base" type="setup">
<kw name="Open Browser" library="SeleniumLibrary">
<doc>Opens a new browser instance to the optional ``url``.</doc>
<arguments>
<arg>${url}</arg>
<arg>chrome</arg>
</arguments>
<msg timestamp="20200604 20:45:16.597" level="INFO">Opening browser 'chrome' to base url 'https://training-wheels-protocol.herokuapp.com'.</msg>
<status status="PASS" starttime="20200604 20:45:16.596" endtime="20200604 20:45:22.891"></status>
</kw>
<status status="PASS" starttime="20200604 20:45:16.596" endtime="20200604 20:45:22.892"></status>
</kw>
<kw name="Go To" library="SeleniumLibrary">
<doc>Navigates the current browser window to the provided ``url``.</doc>
<arguments>
<arg>${url}/checkboxes</arg>
</arguments>
<msg timestamp="20200604 20:45:22.892" level="INFO">Opening url 'https://training-wheels-protocol.herokuapp.com/checkboxes'</msg>
<status status="PASS" starttime="20200604 20:45:22.892" endtime="20200604 20:45:23.206"></status>
</kw>
<kw name="Select Checkbox" library="SeleniumLibrary">
<doc>Selects the checkbox identified by ``locator``.</doc>
<arguments>
<arg>${check_id}</arg>
</arguments>
<msg timestamp="20200604 20:45:23.207" level="INFO">Selecting checkbox 'id:thor'.</msg>
<status status="PASS" starttime="20200604 20:45:23.206" endtime="20200604 20:45:23.262"></status>
</kw>
<kw name="Checkbox Should Be Selected" library="SeleniumLibrary">
<doc>Verifies checkbox ``locator`` is selected/checked.</doc>
<arguments>
<arg>${check_id}</arg>
</arguments>
<msg timestamp="20200604 20:45:23.263" level="INFO">Verifying checkbox 'id:thor' is selected.</msg>
<status status="PASS" starttime="20200604 20:45:23.262" endtime="20200604 20:45:23.281"></status>
</kw>
<kw name="Encerra sessão" library="base" type="teardown">
<kw name="Capture Page Screenshot" library="SeleniumLibrary">
<doc>Takes a screenshot of the current page and embeds it into a log file.</doc>
<msg timestamp="20200604 20:45:23.779" level="INFO" html="yes">&lt;/td&gt;&lt;/tr&gt;&lt;tr&gt;&lt;td colspan="3"&gt;&lt;a href="selenium-screenshot-1.png"&gt;&lt;img src="selenium-screenshot-1.png" width="800px"&gt;&lt;/a&gt;</msg>
<status status="PASS" starttime="20200604 20:45:23.281" endtime="20200604 20:45:23.779"></status>
</kw>
<kw name="Close Browser" library="SeleniumLibrary">
<doc>Closes the current browser.</doc>
<status status="PASS" starttime="20200604 20:45:23.779" endtime="20200604 20:45:23.854"></status>
</kw>
<status status="PASS" starttime="20200604 20:45:23.281" endtime="20200604 20:45:23.854"></status>
</kw>
<status status="PASS" starttime="20200604 20:45:16.596" endtime="20200604 20:45:23.854" critical="yes"></status>
</test>
<test id="s1-t2" name="Marcando opção com CSS Selector">
<kw name="Nova sessão" library="base" type="setup">
<kw name="Open Browser" library="SeleniumLibrary">
<doc>Opens a new browser instance to the optional ``url``.</doc>
<arguments>
<arg>${url}</arg>
<arg>chrome</arg>
</arguments>
<msg timestamp="20200604 20:45:23.857" level="INFO">Opening browser 'chrome' to base url 'https://training-wheels-protocol.herokuapp.com'.</msg>
<status status="PASS" starttime="20200604 20:45:23.856" endtime="20200604 20:45:32.327"></status>
</kw>
<status status="PASS" starttime="20200604 20:45:23.856" endtime="20200604 20:45:32.328"></status>
</kw>
<kw name="Go To" library="SeleniumLibrary">
<doc>Navigates the current browser window to the provided ``url``.</doc>
<arguments>
<arg>${url}/checkboxes</arg>
</arguments>
<msg timestamp="20200604 20:45:32.329" level="INFO">Opening url 'https://training-wheels-protocol.herokuapp.com/checkboxes'</msg>
<status status="PASS" starttime="20200604 20:45:32.328" endtime="20200604 20:45:32.614"></status>
</kw>
<kw name="Select Checkbox" library="SeleniumLibrary">
<doc>Selects the checkbox identified by ``locator``.</doc>
<arguments>
<arg>${check_css}</arg>
</arguments>
<msg timestamp="20200604 20:45:32.614" level="INFO">Selecting checkbox 'css:input[value='iron-man']'.</msg>
<status status="PASS" starttime="20200604 20:45:32.614" endtime="20200604 20:45:32.689"></status>
</kw>
<kw name="Checkbox Should Be Selected" library="SeleniumLibrary">
<doc>Verifies checkbox ``locator`` is selected/checked.</doc>
<arguments>
<arg>${check_css}</arg>
</arguments>
<msg timestamp="20200604 20:45:32.689" level="INFO">Verifying checkbox 'css:input[value='iron-man']' is selected.</msg>
<status status="PASS" starttime="20200604 20:45:32.689" endtime="20200604 20:45:32.704"></status>
</kw>
<kw name="Sleep" library="BuiltIn">
<doc>Pauses the test executed for the given time.</doc>
<arguments>
<arg>5</arg>
</arguments>
<msg timestamp="20200604 20:45:37.706" level="INFO">Slept 5 seconds</msg>
<status status="PASS" starttime="20200604 20:45:32.705" endtime="20200604 20:45:37.706"></status>
</kw>
<kw name="Encerra sessão" library="base" type="teardown">
<kw name="Capture Page Screenshot" library="SeleniumLibrary">
<doc>Takes a screenshot of the current page and embeds it into a log file.</doc>
<msg timestamp="20200604 20:45:38.185" level="INFO" html="yes">&lt;/td&gt;&lt;/tr&gt;&lt;tr&gt;&lt;td colspan="3"&gt;&lt;a href="selenium-screenshot-2.png"&gt;&lt;img src="selenium-screenshot-2.png" width="800px"&gt;&lt;/a&gt;</msg>
<status status="PASS" starttime="20200604 20:45:37.707" endtime="20200604 20:45:38.185"></status>
</kw>
<kw name="Close Browser" library="SeleniumLibrary">
<doc>Closes the current browser.</doc>
<status status="PASS" starttime="20200604 20:45:38.185" endtime="20200604 20:45:38.262"></status>
</kw>
<status status="PASS" starttime="20200604 20:45:37.706" endtime="20200604 20:45:38.262"></status>
</kw>
<tags>
<tag>cssSelector</tag>
</tags>
<status status="PASS" starttime="20200604 20:45:23.855" endtime="20200604 20:45:38.262" critical="yes"></status>
</test>
<test id="s1-t3" name="Marcando opção com XPATH">
<kw name="Nova sessão" library="base" type="setup">
<kw name="Open Browser" library="SeleniumLibrary">
<doc>Opens a new browser instance to the optional ``url``.</doc>
<arguments>
<arg>${url}</arg>
<arg>chrome</arg>
</arguments>
<msg timestamp="20200604 20:45:38.264" level="INFO">Opening browser 'chrome' to base url 'https://training-wheels-protocol.herokuapp.com'.</msg>
<status status="PASS" starttime="20200604 20:45:38.264" endtime="20200604 20:45:48.449"></status>
</kw>
<status status="PASS" starttime="20200604 20:45:38.263" endtime="20200604 20:45:48.449"></status>
</kw>
<kw name="Go To" library="SeleniumLibrary">
<doc>Navigates the current browser window to the provided ``url``.</doc>
<arguments>
<arg>${url}/checkboxes</arg>
</arguments>
<msg timestamp="20200604 20:45:48.450" level="INFO">Opening url 'https://training-wheels-protocol.herokuapp.com/checkboxes'</msg>
<status status="PASS" starttime="20200604 20:45:48.449" endtime="20200604 20:45:48.750"></status>
</kw>
<kw name="Select Checkbox" library="SeleniumLibrary">
<doc>Selects the checkbox identified by ``locator``.</doc>
<arguments>
<arg>${check_xpath}</arg>
</arguments>
<msg timestamp="20200604 20:45:48.751" level="INFO">Selecting checkbox 'xpath://form[@id='checkboxes']/input[7]'.</msg>
<status status="PASS" starttime="20200604 20:45:48.750" endtime="20200604 20:45:48.811"></status>
</kw>
<kw name="Checkbox Should Be Selected" library="SeleniumLibrary">
<doc>Verifies checkbox ``locator`` is selected/checked.</doc>
<arguments>
<arg>${check_xpath}</arg>
</arguments>
<msg timestamp="20200604 20:45:48.811" level="INFO">Verifying checkbox 'xpath://form[@id='checkboxes']/input[7]' is selected.</msg>
<status status="PASS" starttime="20200604 20:45:48.811" endtime="20200604 20:45:48.825"></status>
</kw>
<kw name="Sleep" library="BuiltIn">
<doc>Pauses the test executed for the given time.</doc>
<arguments>
<arg>5</arg>
</arguments>
<msg timestamp="20200604 20:45:53.827" level="INFO">Slept 5 seconds</msg>
<status status="PASS" starttime="20200604 20:45:48.826" endtime="20200604 20:45:53.827"></status>
</kw>
<kw name="Encerra sessão" library="base" type="teardown">
<kw name="Capture Page Screenshot" library="SeleniumLibrary">
<doc>Takes a screenshot of the current page and embeds it into a log file.</doc>
<msg timestamp="20200604 20:45:54.297" level="INFO" html="yes">&lt;/td&gt;&lt;/tr&gt;&lt;tr&gt;&lt;td colspan="3"&gt;&lt;a href="selenium-screenshot-3.png"&gt;&lt;img src="selenium-screenshot-3.png" width="800px"&gt;&lt;/a&gt;</msg>
<status status="PASS" starttime="20200604 20:45:53.827" endtime="20200604 20:45:54.297"></status>
</kw>
<kw name="Close Browser" library="SeleniumLibrary">
<doc>Closes the current browser.</doc>
<status status="PASS" starttime="20200604 20:45:54.298" endtime="20200604 20:45:54.372"></status>
</kw>
<status status="PASS" starttime="20200604 20:45:53.827" endtime="20200604 20:45:54.372"></status>
</kw>
<tags>
<tag>xpath</tag>
</tags>
<status status="PASS" starttime="20200604 20:45:38.263" endtime="20200604 20:45:54.372" critical="yes"></status>
</test>
<status status="PASS" starttime="20200604 20:45:16.463" endtime="20200604 20:45:54.373"></status>
</suite>
<statistics>
<total>
<stat pass="3" fail="0">Critical Tests</stat>
<stat pass="3" fail="0">All Tests</stat>
</total>
<tag>
<stat pass="1" fail="0">cssSelector</stat>
<stat pass="1" fail="0">xpath</stat>
</tag>
<suite>
<stat pass="3" fail="0" id="s1" name="Checkbox">Checkbox</stat>
</suite>
</statistics>
<errors>
</errors>
</robot>
